<?xml version="1.0" encoding="UTF-8"?>
<!-- Generated by org.testng.reporters.JUnitXMLReporter -->
<testsuite hostname="DESKTOP-2PTS3ET" ignored="0" name="Default test" tests="68" failures="0" timestamp="2020-07-25T15:41:17 IST" time="1184.059" errors="0">
  <testcase name="@BeforeMethod setup" time="19.504" classname="com.quickmove.qa.testcases.VarifyaccountingtypeaddTest">
    <failure type="org.openqa.selenium.NoSuchElementException" message="no such element: Unable to locate element: {&amp;quot;method&amp;quot;:&amp;quot;xpath&amp;quot;,&amp;quot;selector&amp;quot;:&amp;quot;//a[@id=&amp;apos;12&amp;apos;]&amp;quot;}
  (Session info: chrome=84.0.4147.89)
For documentation on this error, please visit: https://www.seleniumhq.org/exceptions/no_such_element.html
Build info: version: &amp;apos;3.141.59&amp;apos;, revision: &amp;apos;e82be7d358&amp;apos;, time: &amp;apos;2018-11-14T08:17:03&amp;apos;
System info: host: &amp;apos;DESKTOP-2PTS3ET&amp;apos;, ip: &amp;apos;192.168.0.102&amp;apos;, os.name: &amp;apos;Windows 10&amp;apos;, os.arch: &amp;apos;amd64&amp;apos;, os.version: &amp;apos;10.0&amp;apos;, java.version: &amp;apos;1.8.0_251&amp;apos;
Driver info: org.openqa.selenium.chrome.ChromeDriver
Capabilities {acceptInsecureCerts: false, browserName: chrome, browserVersion: 84.0.4147.89, chrome: {chromedriverVersion: 83.0.4103.39 (ccbf011cb2d2b..., userDataDir: C:\Users\MYPC\AppData\Local...}, goog:chromeOptions: {debuggerAddress: localhost:60874}, javascriptEnabled: true, networkConnectionEnabled: false, pageLoadStrategy: normal, platform: WINDOWS, platformName: WINDOWS, proxy: Proxy(), setWindowRect: true, strictFileInteractability: false, timeouts: {implicit: 0, pageLoad: 300000, script: 30000}, unhandledPromptBehavior: dismiss and notify, webauthn:virtualAuthenticators: true}
Session ID: 3d480cd93b2b0be4e747e446e1b8ac5f
*** Element info: {Using=xpath, value=//a[@id=&amp;apos;12&amp;apos;]}">
      <![CDATA[org.openqa.selenium.NoSuchElementException: no such element: Unable to locate element: {"method":"xpath","selector":"//a[@id='12']"}
  (Session info: chrome=84.0.4147.89)
For documentation on this error, please visit: https://www.seleniumhq.org/exceptions/no_such_element.html
Build info: version: '3.141.59', revision: 'e82be7d358', time: '2018-11-14T08:17:03'
System info: host: 'DESKTOP-2PTS3ET', ip: '192.168.0.102', os.name: 'Windows 10', os.arch: 'amd64', os.version: '10.0', java.version: '1.8.0_251'
Driver info: org.openqa.selenium.chrome.ChromeDriver
Capabilities {acceptInsecureCerts: false, browserName: chrome, browserVersion: 84.0.4147.89, chrome: {chromedriverVersion: 83.0.4103.39 (ccbf011cb2d2b..., userDataDir: C:\Users\MYPC\AppData\Local...}, goog:chromeOptions: {debuggerAddress: localhost:60874}, javascriptEnabled: true, networkConnectionEnabled: false, pageLoadStrategy: normal, platform: WINDOWS, platformName: WINDOWS, proxy: Proxy(), setWindowRect: true, strictFileInteractability: false, timeouts: {implicit: 0, pageLoad: 300000, script: 30000}, unhandledPromptBehavior: dismiss and notify, webauthn:virtualAuthenticators: true}
Session ID: 3d480cd93b2b0be4e747e446e1b8ac5f
*** Element info: {Using=xpath, value=//a[@id='12']}
at sun.reflect.NativeConstructorAccessorImpl.newInstance0(Native Method)
at sun.reflect.NativeConstructorAccessorImpl.newInstance(NativeConstructorAccessorImpl.java:62)
at sun.reflect.DelegatingConstructorAccessorImpl.newInstance(DelegatingConstructorAccessorImpl.java:45)
at java.lang.reflect.Constructor.newInstance(Constructor.java:423)
at org.openqa.selenium.remote.http.W3CHttpResponseCodec.createException(W3CHttpResponseCodec.java:187)
at org.openqa.selenium.remote.http.W3CHttpResponseCodec.decode(W3CHttpResponseCodec.java:122)
at org.openqa.selenium.remote.http.W3CHttpResponseCodec.decode(W3CHttpResponseCodec.java:49)
at org.openqa.selenium.remote.HttpCommandExecutor.execute(HttpCommandExecutor.java:158)
at org.openqa.selenium.remote.service.DriverCommandExecutor.execute(DriverCommandExecutor.java:83)
at org.openqa.selenium.remote.RemoteWebDriver.execute(RemoteWebDriver.java:552)
at org.openqa.selenium.remote.RemoteWebDriver.findElement(RemoteWebDriver.java:323)
at org.openqa.selenium.remote.RemoteWebDriver.findElementByXPath(RemoteWebDriver.java:428)
at org.openqa.selenium.By$ByXPath.findElement(By.java:353)
at org.openqa.selenium.remote.RemoteWebDriver.findElement(RemoteWebDriver.java:315)
at org.openqa.selenium.support.pagefactory.DefaultElementLocator.findElement(DefaultElementLocator.java:69)
at org.openqa.selenium.support.pagefactory.internal.LocatingElementHandler.invoke(LocatingElementHandler.java:38)
at com.sun.proxy.$Proxy10.click(Unknown Source)
at com.quickmove.qa.pages.HomePage.clickonAccountModuleLink(HomePage.java:47)
at com.quickmove.qa.testcases.VarifyaccountingtypeaddTest.setup(VarifyaccountingtypeaddTest.java:47)
at sun.reflect.GeneratedMethodAccessor3.invoke(Unknown Source)
at sun.reflect.DelegatingMethodAccessorImpl.invoke(DelegatingMethodAccessorImpl.java:43)
at java.lang.reflect.Method.invoke(Method.java:498)
at org.testng.internal.MethodInvocationHelper.invokeMethod(MethodInvocationHelper.java:135)
at org.testng.internal.MethodInvocationHelper.invokeMethodConsideringTimeout(MethodInvocationHelper.java:64)
at org.testng.internal.ConfigInvoker.invokeConfigurationMethod(ConfigInvoker.java:364)
at org.testng.internal.ConfigInvoker.invokeConfigurations(ConfigInvoker.java:318)
at org.testng.internal.TestInvoker.runConfigMethods(TestInvoker.java:700)
at org.testng.internal.TestInvoker.invokeMethod(TestInvoker.java:527)
at org.testng.internal.TestInvoker.invokeTestMethod(TestInvoker.java:174)
at org.testng.internal.MethodRunner.runInSequence(MethodRunner.java:46)
at org.testng.internal.TestInvoker$MethodInvocationAgent.invoke(TestInvoker.java:821)
at org.testng.internal.TestInvoker.invokeTestMethods(TestInvoker.java:147)
at org.testng.internal.TestMethodWorker.invokeTestMethods(TestMethodWorker.java:146)
at org.testng.internal.TestMethodWorker.run(TestMethodWorker.java:128)
at java.util.ArrayList.forEach(ArrayList.java:1257)
at org.testng.TestRunner.privateRun(TestRunner.java:767)
at org.testng.TestRunner.run(TestRunner.java:588)
at org.testng.SuiteRunner.runTest(SuiteRunner.java:384)
at org.testng.SuiteRunner.runSequentially(SuiteRunner.java:378)
at org.testng.SuiteRunner.privateRun(SuiteRunner.java:337)
at org.testng.SuiteRunner.run(SuiteRunner.java:286)
at org.testng.SuiteRunnerWorker.runSuite(SuiteRunnerWorker.java:53)
at org.testng.SuiteRunnerWorker.run(SuiteRunnerWorker.java:96)
at org.testng.TestNG.runSuitesSequentially(TestNG.java:1214)
at org.testng.TestNG.runSuitesLocally(TestNG.java:1136)
at org.testng.TestNG.runSuites(TestNG.java:1066)
at org.testng.TestNG.run(TestNG.java:1034)
at org.testng.remote.AbstractRemoteTestNG.run(AbstractRemoteTestNG.java:115)
at org.testng.remote.RemoteTestNG.initAndRun(RemoteTestNG.java:251)
at org.testng.remote.RemoteTestNG.main(RemoteTestNG.java:77)
]]>
    </failure>
  </testcase> <!-- @BeforeMethod setup -->
  <testcase name="@AfterMethod Teardown" time="-1.595671877714E9" classname="com.quickmove.qa.testcases.VarifyaccountingtypeaddTest">
    <skipped/>
  </testcase> <!-- @AfterMethod Teardown -->
  <testcase name="@BeforeMethod setup" time="-1.595671877715E9" classname="com.quickmove.qa.testcases.VarifyaccountingtypeaddTest">
    <skipped/>
  </testcase> <!-- @BeforeMethod setup -->
  <testcase name="@AfterMethod Teardown" time="-1.595671877718E9" classname="com.quickmove.qa.testcases.VarifyaccountingtypeaddTest">
    <skipped/>
  </testcase> <!-- @AfterMethod Teardown -->
  <testcase name="@BeforeMethod setup" time="-1.595671877719E9" classname="com.quickmove.qa.testcases.VarifyaccountingtypeaddTest">
    <skipped/>
  </testcase> <!-- @BeforeMethod setup -->
  <testcase name="@AfterMethod Teardown" time="-1.595671877723E9" classname="com.quickmove.qa.testcases.VarifyaccountingtypeaddTest">
    <skipped/>
  </testcase> <!-- @AfterMethod Teardown -->
  <testcase name="@BeforeMethod setup" time="-1.595671877723E9" classname="com.quickmove.qa.testcases.VarifyaccountingtypeaddTest">
    <skipped/>
  </testcase> <!-- @BeforeMethod setup -->
  <testcase name="@AfterMethod Teardown" time="-1.595671877747E9" classname="com.quickmove.qa.testcases.VarifyaccountingtypeaddTest">
    <skipped/>
  </testcase> <!-- @AfterMethod Teardown -->
  <testcase name="VerifyAccountconfigurationIncome" time="2.865" classname="com.quickmove.qa.testcases.VarifyaccountingtypeaddTest"/>
  <testcase name="VerifyAccountconfigurationIncome" time="3.734" classname="com.quickmove.qa.testcases.VarifyaccountingtypeaddTest"/>
  <testcase name="VerifyAccountconfigurationIncome" time="2.432" classname="com.quickmove.qa.testcases.VarifyaccountingtypeaddTest"/>
  <testcase name="VerifyAccountconfigurationIncome" time="2.409" classname="com.quickmove.qa.testcases.VarifyaccountingtypeaddTest"/>
  <testcase name="VerifyAccountconfigurationIncome" time="3.251" classname="com.quickmove.qa.testcases.VarifyaccountingtypeaddTest"/>
  <testcase name="VerifyAccountconfigurationIncome" time="3.078" classname="com.quickmove.qa.testcases.VarifyaccountingtypeaddTest"/>
  <testcase name="VerifyAccountconfigurationIncome" time="2.313" classname="com.quickmove.qa.testcases.VarifyaccountingtypeaddTest"/>
  <testcase name="VerifyAccountconfigurationIncome" time="2.305" classname="com.quickmove.qa.testcases.VarifyaccountingtypeaddTest"/>
  <testcase name="VerifyAccountconfigurationIncome" time="3.045" classname="com.quickmove.qa.testcases.VarifyaccountingtypeaddTest"/>
  <testcase name="VerifyAccountconfigurationIncome" time="2.442" classname="com.quickmove.qa.testcases.VarifyaccountingtypeaddTest"/>
  <testcase name="VerifyAccountconfigurationIncome" time="2.353" classname="com.quickmove.qa.testcases.VarifyaccountingtypeaddTest"/>
  <testcase name="VerifyAccountconfigurationIncome" time="2.782" classname="com.quickmove.qa.testcases.VarifyaccountingtypeaddTest"/>
  <testcase name="VerifyAccountconfigurationIncome" time="2.262" classname="com.quickmove.qa.testcases.VarifyaccountingtypeaddTest"/>
  <testcase name="VerifyAccountconfigurationIncome" time="2.773" classname="com.quickmove.qa.testcases.VarifyaccountingtypeaddTest"/>
  <testcase name="VerifyAccountconfigurationIncome" time="3.373" classname="com.quickmove.qa.testcases.VarifyaccountingtypeaddTest"/>
  <testcase name="VerifyAccountconfigurationIncome" time="3.413" classname="com.quickmove.qa.testcases.VarifyaccountingtypeaddTest"/>
  <testcase name="VerifyAccountconfigurationIncome" time="2.9" classname="com.quickmove.qa.testcases.VarifyaccountingtypeaddTest"/>
  <testcase name="VerifyAccountconfigurationIncome" time="2.812" classname="com.quickmove.qa.testcases.VarifyaccountingtypeaddTest"/>
  <testcase name="VerifyAccountconfigurationIncome" time="2.642" classname="com.quickmove.qa.testcases.VarifyaccountingtypeaddTest"/>
  <testcase name="VerifyAccountconfigurationIncome" time="2.841" classname="com.quickmove.qa.testcases.VarifyaccountingtypeaddTest"/>
  <testcase name="VerifyAccountconfigurationIncome" time="2.7" classname="com.quickmove.qa.testcases.VarifyaccountingtypeaddTest"/>
  <testcase name="VerifyAccountconfigurationIncome" time="3.317" classname="com.quickmove.qa.testcases.VarifyaccountingtypeaddTest"/>
  <testcase name="VerifyAccountconfigurationIncome" time="2.517" classname="com.quickmove.qa.testcases.VarifyaccountingtypeaddTest"/>
  <testcase name="VerifyAccountconfigurationIncome" time="2.697" classname="com.quickmove.qa.testcases.VarifyaccountingtypeaddTest"/>
  <testcase name="VerifyAccountconfigurationIncome" time="2.151" classname="com.quickmove.qa.testcases.VarifyaccountingtypeaddTest"/>
  <testcase name="VerifyAccountconfigurationIncome" time="2.793" classname="com.quickmove.qa.testcases.VarifyaccountingtypeaddTest"/>
  <testcase name="VerifyAccountconfigurationIncome" time="2.51" classname="com.quickmove.qa.testcases.VarifyaccountingtypeaddTest"/>
  <testcase name="VerifyAccountconfigurationIncome" time="2.768" classname="com.quickmove.qa.testcases.VarifyaccountingtypeaddTest"/>
  <testcase name="VerifyAccountconfigurationIncome" time="2.988" classname="com.quickmove.qa.testcases.VarifyaccountingtypeaddTest"/>
  <testcase name="VerifyAccountconfigurationIncome" time="2.814" classname="com.quickmove.qa.testcases.VarifyaccountingtypeaddTest"/>
  <testcase name="VerifyAccountconfigurationIncome" time="2.294" classname="com.quickmove.qa.testcases.VarifyaccountingtypeaddTest"/>
  <testcase name="VerifyAccountconfigurationIncome" time="2.57" classname="com.quickmove.qa.testcases.VarifyaccountingtypeaddTest"/>
  <testcase name="VerifyAccountconfigurationIncome" time="2.471" classname="com.quickmove.qa.testcases.VarifyaccountingtypeaddTest"/>
  <testcase name="VerifyAccountconfigurationIncome" time="2.542" classname="com.quickmove.qa.testcases.VarifyaccountingtypeaddTest"/>
  <testcase name="VerifyAccountconfigurationExpense" time="2.939" classname="com.quickmove.qa.testcases.VarifyaccountingtypeaddTest"/>
  <testcase name="VerifyAccountconfigurationExpense" time="2.574" classname="com.quickmove.qa.testcases.VarifyaccountingtypeaddTest"/>
  <testcase name="VerifyAccountconfigurationExpense" time="2.696" classname="com.quickmove.qa.testcases.VarifyaccountingtypeaddTest"/>
  <testcase name="VerifyAccountconfigurationExpense" time="2.386" classname="com.quickmove.qa.testcases.VarifyaccountingtypeaddTest"/>
  <testcase name="VerifyAccountconfigurationExpense" time="2.566" classname="com.quickmove.qa.testcases.VarifyaccountingtypeaddTest"/>
  <testcase name="VerifyAccountconfigurationExpense" time="3.204" classname="com.quickmove.qa.testcases.VarifyaccountingtypeaddTest"/>
  <testcase name="VerifyAccountconfigurationExpense" time="2.638" classname="com.quickmove.qa.testcases.VarifyaccountingtypeaddTest"/>
  <testcase name="VerifyAccountconfigurationExpense" time="2.755" classname="com.quickmove.qa.testcases.VarifyaccountingtypeaddTest"/>
  <testcase name="VerifyAccountconfigurationExpense" time="2.65" classname="com.quickmove.qa.testcases.VarifyaccountingtypeaddTest"/>
  <testcase name="VerifyAccountconfigurationExpense" time="3.632" classname="com.quickmove.qa.testcases.VarifyaccountingtypeaddTest"/>
  <testcase name="VerifyAccountconfigurationExpense" time="3.122" classname="com.quickmove.qa.testcases.VarifyaccountingtypeaddTest"/>
  <testcase name="VerifyAccountconfigurationExpense" time="2.599" classname="com.quickmove.qa.testcases.VarifyaccountingtypeaddTest"/>
  <testcase name="VerifyAccountconfigurationExpense" time="2.653" classname="com.quickmove.qa.testcases.VarifyaccountingtypeaddTest"/>
  <testcase name="VerifyAccountconfigurationExpense" time="3.593" classname="com.quickmove.qa.testcases.VarifyaccountingtypeaddTest"/>
  <testcase name="VerifyAccountconfigurationExpense" time="2.921" classname="com.quickmove.qa.testcases.VarifyaccountingtypeaddTest"/>
  <testcase name="VerifyAccountconfigurationExpense" time="2.424" classname="com.quickmove.qa.testcases.VarifyaccountingtypeaddTest"/>
  <testcase name="VerifyAccountconfigurationExpense" time="2.78" classname="com.quickmove.qa.testcases.VarifyaccountingtypeaddTest"/>
  <testcase name="VerifyAccountconfigurationExpense" time="2.353" classname="com.quickmove.qa.testcases.VarifyaccountingtypeaddTest"/>
  <testcase name="VerifyAccountconfigurationExpense" time="2.642" classname="com.quickmove.qa.testcases.VarifyaccountingtypeaddTest"/>
  <testcase name="VerifyAccountconfigurationExpense" time="2.895" classname="com.quickmove.qa.testcases.VarifyaccountingtypeaddTest"/>
  <testcase name="VerifyAccountconfigurationExpense" time="2.689" classname="com.quickmove.qa.testcases.VarifyaccountingtypeaddTest"/>
  <testcase name="VerifyAccountconfigurationExpense" time="2.542" classname="com.quickmove.qa.testcases.VarifyaccountingtypeaddTest"/>
  <testcase name="VerifyAccountconfigurationExpense" time="2.712" classname="com.quickmove.qa.testcases.VarifyaccountingtypeaddTest"/>
  <testcase name="VerifyAccountconfigurationExpense" time="2.495" classname="com.quickmove.qa.testcases.VarifyaccountingtypeaddTest"/>
  <testcase name="VerifyAccountconfigurationExpense" time="2.446" classname="com.quickmove.qa.testcases.VarifyaccountingtypeaddTest"/>
  <testcase name="VerifyAccountconfigurationExpense" time="2.586" classname="com.quickmove.qa.testcases.VarifyaccountingtypeaddTest"/>
  <testcase name="VerifyAccountconfigurationExpense" time="3.127" classname="com.quickmove.qa.testcases.VarifyaccountingtypeaddTest"/>
  <testcase name="VerifyAccountconfigurationExpense" time="3.727" classname="com.quickmove.qa.testcases.VarifyaccountingtypeaddTest"/>
  <testcase name="VerifyAccountconfigurationExpense" time="2.651" classname="com.quickmove.qa.testcases.VarifyaccountingtypeaddTest"/>
  <testcase name="VerifyAccountconfigurationExpense" time="2.394" classname="com.quickmove.qa.testcases.VarifyaccountingtypeaddTest"/>
  <testcase name="VerifyAccountconfigurationExpense" time="0.0" classname="com.quickmove.qa.testcases.VarifyaccountingtypeaddTest">
    <skipped/>
  </testcase> <!-- VerifyAccountconfigurationExpense -->
  <testcase name="VerifyAccountconfigurationExpense" time="0.0" classname="com.quickmove.qa.testcases.VarifyaccountingtypeaddTest">
    <skipped/>
  </testcase> <!-- VerifyAccountconfigurationExpense -->
  <testcase name="VerifyAccountconfigurationExpense" time="0.0" classname="com.quickmove.qa.testcases.VarifyaccountingtypeaddTest">
    <skipped/>
  </testcase> <!-- VerifyAccountconfigurationExpense -->
  <testcase name="VerifyAccountconfigurationExpense" time="0.0" classname="com.quickmove.qa.testcases.VarifyaccountingtypeaddTest">
    <skipped/>
  </testcase> <!-- VerifyAccountconfigurationExpense -->
</testsuite> <!-- Default test -->
