<?xml version="1.0" encoding="UTF-8"?>
<testng-results skipped="0" failed="0" ignored="0" total="4" passed="4">
  <reporter-output>
  </reporter-output>
  <suite name="Default suite" duration-ms="247330" started-at="2020-07-18T01:46:13 IST" finished-at="2020-07-18T01:50:20 IST">
    <groups>
    </groups>
    <test name="Default test" duration-ms="247330" started-at="2020-07-18T01:46:13 IST" finished-at="2020-07-18T01:50:20 IST">
      <class name="com.quickmove.qa.testcases.Costingpagetest">
        <test-method status="PASS" signature="setup()[pri:0, instance:com.quickmove.qa.testcases.Costingpagetest@53f65459]" name="setup" is-config="true" duration-ms="21159" started-at="2020-07-18T01:46:14 IST" finished-at="2020-07-18T01:46:35 IST">
          <reporter-output>
          </reporter-output>
        </test-method> <!-- setup -->
        <test-method status="PASS" signature="AddCostingprofile(java.lang.String, java.lang.String, java.lang.String, java.lang.String, java.lang.String, java.lang.String, java.lang.String, java.lang.String, java.lang.String, java.lang.String, java.lang.String, java.lang.String, java.lang.String, java.lang.String)[pri:1, instance:com.quickmove.qa.testcases.Costingpagetest@53f65459]" name="AddCostingprofile" duration-ms="42232" started-at="2020-07-18T01:46:35 IST" data-provider="AddCostingprofile" finished-at="2020-07-18T01:47:17 IST">
          <params>
            <param index="0">
              <value>
                <![CDATA[1.0]]>
              </value>
            </param>
            <param index="1">
              <value>
                <![CDATA[costing]]>
              </value>
            </param>
            <param index="2">
              <value>
                <![CDATA[packing]]>
              </value>
            </param>
            <param index="3">
              <value>
                <![CDATA[Door to Door Export]]>
              </value>
            </param>
            <param index="4">
              <value>
                <![CDATA[null]]>
              </value>
            </param>
            <param index="5">
              <value>
                <![CDATA[null]]>
              </value>
            </param>
            <param index="6">
              <value>
                <![CDATA[Per unit]]>
              </value>
            </param>
            <param index="7">
              <value>
                <![CDATA[yes]]>
              </value>
            </param>
            <param index="8">
              <value>
                <![CDATA[cft]]>
              </value>
            </param>
            <param index="9">
              <value>
                <![CDATA[20]]>
              </value>
            </param>
            <param index="10">
              <value>
                <![CDATA[600]]>
              </value>
            </param>
            <param index="11">
              <value>
                <![CDATA[yes]]>
              </value>
            </param>
            <param index="12">
              <value>
                <![CDATA[yes]]>
              </value>
            </param>
            <param index="13">
              <value>
                <![CDATA[INR]]>
              </value>
            </param>
          </params>
          <reporter-output>
          </reporter-output>
        </test-method> <!-- AddCostingprofile -->
        <test-method status="PASS" signature="teardown()[pri:0, instance:com.quickmove.qa.testcases.Costingpagetest@53f65459]" name="teardown" is-config="true" duration-ms="1" started-at="2020-07-18T01:47:17 IST" finished-at="2020-07-18T01:47:17 IST">
          <reporter-output>
          </reporter-output>
        </test-method> <!-- teardown -->
        <test-method status="PASS" signature="setup()[pri:0, instance:com.quickmove.qa.testcases.Costingpagetest@53f65459]" name="setup" is-config="true" duration-ms="19257" started-at="2020-07-18T01:47:17 IST" finished-at="2020-07-18T01:47:37 IST">
          <reporter-output>
          </reporter-output>
        </test-method> <!-- setup -->
        <test-method status="PASS" signature="AddCostingprofile(java.lang.String, java.lang.String, java.lang.String, java.lang.String, java.lang.String, java.lang.String, java.lang.String, java.lang.String, java.lang.String, java.lang.String, java.lang.String, java.lang.String, java.lang.String, java.lang.String)[pri:1, instance:com.quickmove.qa.testcases.Costingpagetest@53f65459]" name="AddCostingprofile" duration-ms="41921" started-at="2020-07-18T01:47:37 IST" data-provider="AddCostingprofile" finished-at="2020-07-18T01:48:18 IST">
          <params>
            <param index="0">
              <value>
                <![CDATA[1.0]]>
              </value>
            </param>
            <param index="1">
              <value>
                <![CDATA[costing]]>
              </value>
            </param>
            <param index="2">
              <value>
                <![CDATA[Loading]]>
              </value>
            </param>
            <param index="3">
              <value>
                <![CDATA[Door to Door Export]]>
              </value>
            </param>
            <param index="4">
              <value>
                <![CDATA[null]]>
              </value>
            </param>
            <param index="5">
              <value>
                <![CDATA[null]]>
              </value>
            </param>
            <param index="6">
              <value>
                <![CDATA[Per unit]]>
              </value>
            </param>
            <param index="7">
              <value>
                <![CDATA[yes]]>
              </value>
            </param>
            <param index="8">
              <value>
                <![CDATA[cft]]>
              </value>
            </param>
            <param index="9">
              <value>
                <![CDATA[20]]>
              </value>
            </param>
            <param index="10">
              <value>
                <![CDATA[600]]>
              </value>
            </param>
            <param index="11">
              <value>
                <![CDATA[yes]]>
              </value>
            </param>
            <param index="12">
              <value>
                <![CDATA[yes]]>
              </value>
            </param>
            <param index="13">
              <value>
                <![CDATA[INR]]>
              </value>
            </param>
          </params>
          <reporter-output>
          </reporter-output>
        </test-method> <!-- AddCostingprofile -->
        <test-method status="PASS" signature="setup()[pri:0, instance:com.quickmove.qa.testcases.Costingpagetest@53f65459]" name="setup" is-config="true" duration-ms="19368" started-at="2020-07-18T01:48:18 IST" finished-at="2020-07-18T01:48:38 IST">
          <reporter-output>
          </reporter-output>
        </test-method> <!-- setup -->
        <test-method status="PASS" signature="teardown()[pri:0, instance:com.quickmove.qa.testcases.Costingpagetest@53f65459]" name="teardown" is-config="true" duration-ms="0" started-at="2020-07-18T01:48:18 IST" finished-at="2020-07-18T01:48:18 IST">
          <reporter-output>
          </reporter-output>
        </test-method> <!-- teardown -->
        <test-method status="PASS" signature="AddCostingprofile(java.lang.String, java.lang.String, java.lang.String, java.lang.String, java.lang.String, java.lang.String, java.lang.String, java.lang.String, java.lang.String, java.lang.String, java.lang.String, java.lang.String, java.lang.String, java.lang.String)[pri:1, instance:com.quickmove.qa.testcases.Costingpagetest@53f65459]" name="AddCostingprofile" duration-ms="41344" started-at="2020-07-18T01:48:38 IST" data-provider="AddCostingprofile" finished-at="2020-07-18T01:49:19 IST">
          <params>
            <param index="0">
              <value>
                <![CDATA[1.0]]>
              </value>
            </param>
            <param index="1">
              <value>
                <![CDATA[costing]]>
              </value>
            </param>
            <param index="2">
              <value>
                <![CDATA[Transport]]>
              </value>
            </param>
            <param index="3">
              <value>
                <![CDATA[Door to Door Export]]>
              </value>
            </param>
            <param index="4">
              <value>
                <![CDATA[null]]>
              </value>
            </param>
            <param index="5">
              <value>
                <![CDATA[null]]>
              </value>
            </param>
            <param index="6">
              <value>
                <![CDATA[Per unit]]>
              </value>
            </param>
            <param index="7">
              <value>
                <![CDATA[yes]]>
              </value>
            </param>
            <param index="8">
              <value>
                <![CDATA[cft]]>
              </value>
            </param>
            <param index="9">
              <value>
                <![CDATA[20]]>
              </value>
            </param>
            <param index="10">
              <value>
                <![CDATA[600]]>
              </value>
            </param>
            <param index="11">
              <value>
                <![CDATA[yes]]>
              </value>
            </param>
            <param index="12">
              <value>
                <![CDATA[yes]]>
              </value>
            </param>
            <param index="13">
              <value>
                <![CDATA[INR]]>
              </value>
            </param>
          </params>
          <reporter-output>
          </reporter-output>
        </test-method> <!-- AddCostingprofile -->
        <test-method status="PASS" signature="teardown()[pri:0, instance:com.quickmove.qa.testcases.Costingpagetest@53f65459]" name="teardown" is-config="true" duration-ms="0" started-at="2020-07-18T01:49:19 IST" finished-at="2020-07-18T01:49:19 IST">
          <reporter-output>
          </reporter-output>
        </test-method> <!-- teardown -->
        <test-method status="PASS" signature="setup()[pri:0, instance:com.quickmove.qa.testcases.Costingpagetest@53f65459]" name="setup" is-config="true" duration-ms="18553" started-at="2020-07-18T01:49:19 IST" finished-at="2020-07-18T01:49:38 IST">
          <reporter-output>
          </reporter-output>
        </test-method> <!-- setup -->
        <test-method status="PASS" signature="AddCostingprofile(java.lang.String, java.lang.String, java.lang.String, java.lang.String, java.lang.String, java.lang.String, java.lang.String, java.lang.String, java.lang.String, java.lang.String, java.lang.String, java.lang.String, java.lang.String, java.lang.String)[pri:1, instance:com.quickmove.qa.testcases.Costingpagetest@53f65459]" name="AddCostingprofile" duration-ms="42401" started-at="2020-07-18T01:49:38 IST" data-provider="AddCostingprofile" finished-at="2020-07-18T01:50:20 IST">
          <params>
            <param index="0">
              <value>
                <![CDATA[1.0]]>
              </value>
            </param>
            <param index="1">
              <value>
                <![CDATA[costing]]>
              </value>
            </param>
            <param index="2">
              <value>
                <![CDATA[haandyman]]>
              </value>
            </param>
            <param index="3">
              <value>
                <![CDATA[Door to Door Export]]>
              </value>
            </param>
            <param index="4">
              <value>
                <![CDATA[null]]>
              </value>
            </param>
            <param index="5">
              <value>
                <![CDATA[null]]>
              </value>
            </param>
            <param index="6">
              <value>
                <![CDATA[Per unit]]>
              </value>
            </param>
            <param index="7">
              <value>
                <![CDATA[yes]]>
              </value>
            </param>
            <param index="8">
              <value>
                <![CDATA[cft]]>
              </value>
            </param>
            <param index="9">
              <value>
                <![CDATA[20]]>
              </value>
            </param>
            <param index="10">
              <value>
                <![CDATA[600]]>
              </value>
            </param>
            <param index="11">
              <value>
                <![CDATA[yes]]>
              </value>
            </param>
            <param index="12">
              <value>
                <![CDATA[yes]]>
              </value>
            </param>
            <param index="13">
              <value>
                <![CDATA[INR]]>
              </value>
            </param>
          </params>
          <reporter-output>
          </reporter-output>
        </test-method> <!-- AddCostingprofile -->
        <test-method status="PASS" signature="teardown()[pri:0, instance:com.quickmove.qa.testcases.Costingpagetest@53f65459]" name="teardown" is-config="true" duration-ms="0" started-at="2020-07-18T01:50:20 IST" finished-at="2020-07-18T01:50:20 IST">
          <reporter-output>
          </reporter-output>
        </test-method> <!-- teardown -->
      </class> <!-- com.quickmove.qa.testcases.Costingpagetest -->
    </test> <!-- Default test -->
  </suite> <!-- Default suite -->
</testng-results>
