<?xml version="1.0" encoding="UTF-8"?>
<testng-results skipped="0" failed="1" ignored="0" total="2" passed="1">
  <reporter-output>
  </reporter-output>
  <suite name="Default suite" duration-ms="57314" started-at="2020-08-12T23:50:04 IST" finished-at="2020-08-12T23:51:02 IST">
    <groups>
    </groups>
    <test name="Default test" duration-ms="57314" started-at="2020-08-12T23:50:04 IST" finished-at="2020-08-12T23:51:02 IST">
      <class name="com.quickmove.qa.testcases.DirectJoborder">
        <test-method status="PASS" signature="setup()[pri:0, instance:com.quickmove.qa.testcases.DirectJoborder@1f7030a6]" name="setup" duration-ms="19731" started-at="2020-08-12T23:50:05 IST" finished-at="2020-08-12T23:50:24 IST">
          <reporter-output>
          </reporter-output>
        </test-method> <!-- setup -->
        <test-method status="FAIL" signature="CreateJoborder(java.lang.String, java.lang.String, java.lang.String, java.lang.String, java.lang.String, java.lang.String, java.lang.String, java.lang.String, java.lang.String, java.lang.String, java.lang.String, java.lang.String, java.lang.String, java.lang.String, java.lang.String, java.lang.String, java.lang.String)[pri:1, instance:com.quickmove.qa.testcases.DirectJoborder@1f7030a6]" name="CreateJoborder" duration-ms="36115" started-at="2020-08-12T23:50:26 IST" data-provider="Adddirectorder" finished-at="2020-08-12T23:51:02 IST">
          <params>
            <param index="0">
              <value>
                <![CDATA[mr.]]>
              </value>
            </param>
            <param index="1">
              <value>
                <![CDATA[rwe]]>
              </value>
            </param>
            <param index="2">
              <value>
                <![CDATA[erw]]>
              </value>
            </param>
            <param index="3">
              <value>
                <![CDATA[wer]]>
              </value>
            </param>
            <param index="4">
              <value>
                <![CDATA[+91]]>
              </value>
            </param>
            <param index="5">
              <value>
                <![CDATA[41224.0]]>
              </value>
            </param>
            <param index="6">
              <value>
                <![CDATA[f]]>
              </value>
            </param>
            <param index="7">
              <value>
                <![CDATA[india]]>
              </value>
            </param>
            <param index="8">
              <value>
                <![CDATA[bangalore]]>
              </value>
            </param>
            <param index="9">
              <value>
                <![CDATA[move]]>
              </value>
            </param>
            <param index="10">
              <value>
                <![CDATA[household goods]]>
              </value>
            </param>
            <param index="11">
              <value>
                <![CDATA[Domestic moving]]>
              </value>
            </param>
            <param index="12">
              <value>
                <![CDATA[dad]]>
              </value>
            </param>
            <param index="13">
              <value>
                <![CDATA[cad]]>
              </value>
            </param>
            <param index="14">
              <value>
                <![CDATA[8042020.0]]>
              </value>
            </param>
            <param index="15">
              <value>
                <![CDATA[Sea]]>
              </value>
            </param>
            <param index="16">
              <value>
                <![CDATA[sea Groupage]]>
              </value>
            </param>
          </params>
          <exception class="org.openqa.selenium.NoSuchElementException">
            <message>
              <![CDATA[Cannot locate an element using xpath=//textarea[@id='ctl00_ContentPlaceHolder1_Order_txtDestinationAddress']
For documentation on this error, please visit: https://www.seleniumhq.org/exceptions/no_such_element.html
Build info: version: '3.141.59', revision: 'e82be7d358', time: '2018-11-14T08:17:03'
System info: host: 'DESKTOP-2PTS3ET', ip: '192.168.0.106', os.name: 'Windows 10', os.arch: 'amd64', os.version: '10.0', java.version: '1.8.0_251'
Driver info: driver.version: RemoteWebDriver]]>
            </message>
            <full-stacktrace>
              <![CDATA[org.openqa.selenium.NoSuchElementException: Cannot locate an element using xpath=//textarea[@id='ctl00_ContentPlaceHolder1_Order_txtDestinationAddress']
For documentation on this error, please visit: https://www.seleniumhq.org/exceptions/no_such_element.html
Build info: version: '3.141.59', revision: 'e82be7d358', time: '2018-11-14T08:17:03'
System info: host: 'DESKTOP-2PTS3ET', ip: '192.168.0.106', os.name: 'Windows 10', os.arch: 'amd64', os.version: '10.0', java.version: '1.8.0_251'
Driver info: driver.version: RemoteWebDriver
at org.openqa.selenium.remote.RemoteWebDriver.findElement(RemoteWebDriver.java:327)
at org.openqa.selenium.remote.RemoteWebDriver.findElementByXPath(RemoteWebDriver.java:428)
at org.openqa.selenium.By$ByXPath.findElement(By.java:353)
at org.openqa.selenium.remote.RemoteWebDriver.findElement(RemoteWebDriver.java:315)
at org.openqa.selenium.support.pagefactory.DefaultElementLocator.findElement(DefaultElementLocator.java:69)
at org.openqa.selenium.support.pagefactory.internal.LocatingElementHandler.invoke(LocatingElementHandler.java:38)
at com.sun.proxy.$Proxy8.sendKeys(Unknown Source)
at com.quickmove.qa.pages.JobOrder.Destinationaddress(JobOrder.java:108)
at com.quickmove.qa.testcases.DirectJoborder.CreateJoborder(DirectJoborder.java:125)
at sun.reflect.NativeMethodAccessorImpl.invoke0(Native Method)
at sun.reflect.NativeMethodAccessorImpl.invoke(NativeMethodAccessorImpl.java:62)
at sun.reflect.DelegatingMethodAccessorImpl.invoke(DelegatingMethodAccessorImpl.java:43)
at java.lang.reflect.Method.invoke(Method.java:498)
at org.testng.internal.MethodInvocationHelper.invokeMethod(MethodInvocationHelper.java:135)
at org.testng.internal.TestInvoker.invokeMethod(TestInvoker.java:598)
at org.testng.internal.TestInvoker.invokeTestMethod(TestInvoker.java:174)
at org.testng.internal.MethodRunner.runInSequence(MethodRunner.java:46)
at org.testng.internal.TestInvoker$MethodInvocationAgent.invoke(TestInvoker.java:821)
at org.testng.internal.TestInvoker.invokeTestMethods(TestInvoker.java:147)
at org.testng.internal.TestMethodWorker.invokeTestMethods(TestMethodWorker.java:146)
at org.testng.internal.TestMethodWorker.run(TestMethodWorker.java:128)
at java.util.ArrayList.forEach(ArrayList.java:1257)
at org.testng.TestRunner.privateRun(TestRunner.java:767)
at org.testng.TestRunner.run(TestRunner.java:588)
at org.testng.SuiteRunner.runTest(SuiteRunner.java:384)
at org.testng.SuiteRunner.runSequentially(SuiteRunner.java:378)
at org.testng.SuiteRunner.privateRun(SuiteRunner.java:337)
at org.testng.SuiteRunner.run(SuiteRunner.java:286)
at org.testng.SuiteRunnerWorker.runSuite(SuiteRunnerWorker.java:53)
at org.testng.SuiteRunnerWorker.run(SuiteRunnerWorker.java:96)
at org.testng.TestNG.runSuitesSequentially(TestNG.java:1214)
at org.testng.TestNG.runSuitesLocally(TestNG.java:1136)
at org.testng.TestNG.runSuites(TestNG.java:1066)
at org.testng.TestNG.run(TestNG.java:1034)
at org.testng.remote.AbstractRemoteTestNG.run(AbstractRemoteTestNG.java:115)
at org.testng.remote.RemoteTestNG.initAndRun(RemoteTestNG.java:251)
at org.testng.remote.RemoteTestNG.main(RemoteTestNG.java:77)
]]>
            </full-stacktrace>
          </exception> <!-- org.openqa.selenium.NoSuchElementException -->
          <reporter-output>
          </reporter-output>
        </test-method> <!-- CreateJoborder -->
      </class> <!-- com.quickmove.qa.testcases.DirectJoborder -->
    </test> <!-- Default test -->
  </suite> <!-- Default suite -->
</testng-results>
